<?xml version="1.0" encoding="UTF-8"?>
<testng-results skipped="0" failed="0" ignored="0" total="3" passed="3">
  <reporter-output>
  </reporter-output>
  <suite name="Parameterization Test Suite" duration-ms="269359" started-at="2020-01-27T12:06:57 IST" finished-at="2020-01-27T12:11:26 IST">
    <groups>
    </groups>
    <test name="TestCase5" duration-ms="269354" started-at="2020-01-27T12:06:57 IST" finished-at="2020-01-27T12:11:26 IST">
      <class name="com.tgq.TestScripts.PTGQTestCase">
        <test-method status="PASS" signature="setup(java.lang.String, java.lang.String)[pri:0, instance:com.tgq.TestScripts.PTGQTestCase@45820e51]" name="setup" is-config="true" duration-ms="8754" started-at="2020-01-27T12:06:57 IST" finished-at="2020-01-27T12:07:06 IST">
          <params>
            <param index="0">
              <value>
                <![CDATA[TC005]]>
              </value>
            </param>
            <param index="1">
              <value>
                <![CDATA[TGQTestData]]>
              </value>
            </param>
          </params>
          <reporter-output>
          </reporter-output>
        </test-method> <!-- setup -->
        <test-method status="PASS" signature="TC1()[pri:0, instance:com.tgq.TestScripts.PTGQTestCase@45820e51]" name="TC1" duration-ms="259339" started-at="2020-01-27T12:07:06 IST" finished-at="2020-01-27T12:11:25 IST">
          <reporter-output>
          </reporter-output>
        </test-method> <!-- TC1 -->
        <test-method status="PASS" signature="close(org.testng.ITestContext)[pri:0, instance:com.tgq.TestScripts.PTGQTestCase@45820e51]" name="close" is-config="true" duration-ms="1233" started-at="2020-01-27T12:11:25 IST" finished-at="2020-01-27T12:11:26 IST">
          <params>
            <param index="0">
              <value>
                <![CDATA[org.testng.TestRunner@2eda0940]]>
              </value>
            </param>
          </params>
          <reporter-output>
          </reporter-output>
        </test-method> <!-- close -->
      </class> <!-- com.tgq.TestScripts.PTGQTestCase -->
    </test> <!-- TestCase5 -->
    <test name="TestCase2" duration-ms="269358" started-at="2020-01-27T12:06:57 IST" finished-at="2020-01-27T12:11:26 IST">
      <class name="com.tgq.TestScripts.PTGQTestCase">
        <test-method status="PASS" signature="setup(java.lang.String, java.lang.String)[pri:0, instance:com.tgq.TestScripts.PTGQTestCase@1d8d30f7]" name="setup" is-config="true" duration-ms="8654" started-at="2020-01-27T12:06:57 IST" finished-at="2020-01-27T12:07:06 IST">
          <params>
            <param index="0">
              <value>
                <![CDATA[TC002]]>
              </value>
            </param>
            <param index="1">
              <value>
                <![CDATA[TGQTestData]]>
              </value>
            </param>
          </params>
          <reporter-output>
          </reporter-output>
        </test-method> <!-- setup -->
        <test-method status="PASS" signature="TC1()[pri:0, instance:com.tgq.TestScripts.PTGQTestCase@1d8d30f7]" name="TC1" duration-ms="259201" started-at="2020-01-27T12:07:06 IST" finished-at="2020-01-27T12:11:25 IST">
          <reporter-output>
          </reporter-output>
        </test-method> <!-- TC1 -->
        <test-method status="PASS" signature="close(org.testng.ITestContext)[pri:0, instance:com.tgq.TestScripts.PTGQTestCase@1d8d30f7]" name="close" is-config="true" duration-ms="1440" started-at="2020-01-27T12:11:25 IST" finished-at="2020-01-27T12:11:26 IST">
          <params>
            <param index="0">
              <value>
                <![CDATA[org.testng.TestRunner@3578436e]]>
              </value>
            </param>
          </params>
          <reporter-output>
          </reporter-output>
        </test-method> <!-- close -->
      </class> <!-- com.tgq.TestScripts.PTGQTestCase -->
    </test> <!-- TestCase2 -->
    <test name="TestCase1" duration-ms="269354" started-at="2020-01-27T12:06:57 IST" finished-at="2020-01-27T12:11:26 IST">
      <class name="com.tgq.TestScripts.PTGQTestCase">
        <test-method status="PASS" signature="setup(java.lang.String, java.lang.String)[pri:0, instance:com.tgq.TestScripts.PTGQTestCase@33c7e1bb]" name="setup" is-config="true" duration-ms="8652" started-at="2020-01-27T12:06:57 IST" finished-at="2020-01-27T12:07:06 IST">
          <params>
            <param index="0">
              <value>
                <![CDATA[TC001]]>
              </value>
            </param>
            <param index="1">
              <value>
                <![CDATA[TGQTestData]]>
              </value>
            </param>
          </params>
          <reporter-output>
          </reporter-output>
        </test-method> <!-- setup -->
        <test-method status="PASS" signature="TC1()[pri:0, instance:com.tgq.TestScripts.PTGQTestCase@33c7e1bb]" name="TC1" duration-ms="259125" started-at="2020-01-27T12:07:06 IST" finished-at="2020-01-27T12:11:25 IST">
          <reporter-output>
          </reporter-output>
        </test-method> <!-- TC1 -->
        <test-method status="PASS" signature="close(org.testng.ITestContext)[pri:0, instance:com.tgq.TestScripts.PTGQTestCase@33c7e1bb]" name="close" is-config="true" duration-ms="1512" started-at="2020-01-27T12:11:25 IST" finished-at="2020-01-27T12:11:26 IST">
          <params>
            <param index="0">
              <value>
                <![CDATA[org.testng.TestRunner@706a04ae]]>
              </value>
            </param>
          </params>
          <reporter-output>
          </reporter-output>
        </test-method> <!-- close -->
      </class> <!-- com.tgq.TestScripts.PTGQTestCase -->
    </test> <!-- TestCase1 -->
  </suite> <!-- Parameterization Test Suite -->
</testng-results>
