<?xml version="1.0" encoding="UTF-8"?>
<!-- Generated by org.testng.reporters.JUnitXMLReporter -->
<testsuite hostname="DESKTOP-L8GGCTK" ignored="0" name="TestCase5" tests="6" failures="0" timestamp="2020-01-27T12:11:26 IST" time="269.354" errors="0">
  <testcase name="TC1" time="257.957" classname="com.tgq.TestScripts.PTGQTestCase"/>
  <testcase name="TC1" time="258.828" classname="com.tgq.TestScripts.PTGQTestCase"/>
  <testcase name="TC1" time="259.125" classname="com.tgq.TestScripts.PTGQTestCase"/>
  <testcase name="TC1" time="259.127" classname="com.tgq.TestScripts.PTGQTestCase"/>
  <testcase name="TC1" time="259.201" classname="com.tgq.TestScripts.PTGQTestCase"/>
  <testcase name="TC1" time="259.339" classname="com.tgq.TestScripts.PTGQTestCase"/>
</testsuite> <!-- TestCase5 -->
