<?xml version="1.0" encoding="UTF-8"?>
<testng-results skipped="0" failed="0" ignored="0" total="1" passed="1">
  <reporter-output>
  </reporter-output>
  <suite name="Parameterization Test Suite" duration-ms="94543" started-at="2019-11-28T17:48:48 IST" finished-at="2019-11-28T17:50:22 IST">
    <groups>
    </groups>
    <test name="TestCase1" duration-ms="94543" started-at="2019-11-28T17:48:48 IST" finished-at="2019-11-28T17:50:22 IST">
      <class name="com.tgr.RegressionTestScripts.TGQTestCase">
        <test-method status="PASS" signature="setup(java.lang.String, java.lang.String)[pri:0, instance:com.tgr.RegressionTestScripts.TGQTestCase@7b69c6ba]" name="setup" is-config="true" duration-ms="662" started-at="2019-11-28T17:48:48 IST" finished-at="2019-11-28T17:48:48 IST">
          <params>
            <param index="0">
              <value>
                <![CDATA[TC007]]>
              </value>
            </param>
            <param index="1">
              <value>
                <![CDATA[Datadriven]]>
              </value>
            </param>
          </params>
          <reporter-output>
          </reporter-output>
        </test-method> <!-- setup -->
        <test-method status="PASS" signature="TC1()[pri:0, instance:com.tgr.RegressionTestScripts.TGQTestCase@7b69c6ba]" name="TC1" duration-ms="93849" started-at="2019-11-28T17:48:48 IST" finished-at="2019-11-28T17:50:22 IST">
          <reporter-output>
          </reporter-output>
        </test-method> <!-- TC1 -->
        <test-method status="PASS" signature="close(org.testng.ITestContext)[pri:0, instance:com.tgr.RegressionTestScripts.TGQTestCase@7b69c6ba]" name="close" is-config="true" duration-ms="1" started-at="2019-11-28T17:50:22 IST" finished-at="2019-11-28T17:50:22 IST">
          <params>
            <param index="0">
              <value>
                <![CDATA[org.testng.TestRunner@17b6d426]]>
              </value>
            </param>
          </params>
          <reporter-output>
          </reporter-output>
        </test-method> <!-- close -->
      </class> <!-- com.tgr.RegressionTestScripts.TGQTestCase -->
    </test> <!-- TestCase1 -->
  </suite> <!-- Parameterization Test Suite -->
</testng-results>
